# JRE version: OpenJDK Runtime Environment Temurin-21.0.7+6 (21.0.7+6) (build 21.0.7+6-LTS)
# Java VM: OpenJDK 64-Bit Server VM Temurin-21.0.7+6 (21.0.7+6-LTS, mixed mode, sharing, tiered, compressed oops, compressed class ptrs, parallel gc, windows-amd64)
GC Precious Log:
 CardTable entry size: 512
 CPUs: 8 total, 8 available
 Memory: 16167M
 Large Page Support: Disabled
 NUMA Support: Disabled
 Compressed Oops: Enabled (32-bit)
 Alignments: Space 512K, Generation 512K, Heap 2M
 Heap Min Capacity: 100M
 Heap Initial Capacity: 100M
 Heap Max Capacity: 2G
 Pre-touch: Disabled
 Parallel Workers: 8
Heap:
 PSYoungGen      total 9728K, used 1534K [0x00000000d5580000, 0x00000000d6280000, 0x0000000100000000)
  eden space 8192K, 0% used [0x00000000d5580000,0x00000000d5580000,0x00000000d5d80000)
  from space 1536K, 99% used [0x00000000d6100000,0x00000000d627fb68,0x00000000d6280000)
  to   space 1024K, 0% used [0x00000000d5d80000,0x00000000d5d80000,0x00000000d5e80000)
 ParOldGen       total 966144K, used 322271K [0x0000000080000000, 0x00000000baf80000, 0x00000000d5580000)
  object space 966144K, 33% used [0x0000000080000000,0x0000000093ab7e18,0x00000000baf80000)
 Metaspace       used 80192K, committed 81920K, reserved 1179648K
  class space    used 8045K, committed 8896K, reserved 1048576K
GC Heap History (20 events):
Event: 1311.270 GC heap before
{Heap before GC invocations=1500 (full 4):
 PSYoungGen      total 7680K, used 7472K [0x00000000d5580000, 0x00000000d5e00000, 0x0000000100000000)
  eden space 6656K, 100% used [0x00000000d5580000,0x00000000d5c00000,0x00000000d5c00000)
  from space 1024K, 79% used [0x00000000d5c00000,0x00000000d5ccc010,0x00000000d5d00000)
  to   space 1024K, 0% used [0x00000000d5d00000,0x00000000d5d00000,0x00000000d5e00000)
 ParOldGen       total 966144K, used 312379K [0x0000000080000000, 0x00000000baf80000, 0x00000000d5580000)
  object space 966144K, 32% used [0x0000000080000000,0x000000009310ee90,0x00000000baf80000)
 Metaspace       used 79830K, committed 81600K, reserved 1179648K
  class space    used 7993K, committed 8832K, reserved 1048576K
}
Event: 1311.384 GC heap after
{Heap after GC invocations=1500 (full 4):
 PSYoungGen      total 7680K, used 532K [0x00000000d5580000, 0x00000000d5e00000, 0x0000000100000000)
  eden space 6656K, 0% used [0x00000000d5580000,0x00000000d5580000,0x00000000d5c00000)
  from space 1024K, 52% used [0x00000000d5d00000,0x00000000d5d85220,0x00000000d5e00000)
  to   space 1024K, 0% used [0x00000000d5c00000,0x00000000d5c00000,0x00000000d5d00000)
 ParOldGen       total 966144K, used 312757K [0x0000000080000000, 0x00000000baf80000, 0x00000000d5580000)
  object space 966144K, 32% used [0x0000000080000000,0x000000009316d710,0x00000000baf80000)
 Metaspace       used 79830K, committed 81600K, reserved 1179648K
  class space    used 7993K, committed 8832K, reserved 1048576K
}
Event: 1311.440 GC heap before
{Heap before GC invocations=1501 (full 4):
 PSYoungGen      total 7680K, used 7188K [0x00000000d5580000, 0x00000000d5e00000, 0x0000000100000000)
  eden space 6656K, 100% used [0x00000000d5580000,0x00000000d5c00000,0x00000000d5c00000)
  from space 1024K, 52% used [0x00000000d5d00000,0x00000000d5d85220,0x00000000d5e00000)
  to   space 1024K, 0% used [0x00000000d5c00000,0x00000000d5c00000,0x00000000d5d00000)
 ParOldGen       total 966144K, used 312757K [0x0000000080000000, 0x00000000baf80000, 0x00000000d5580000)
  object space 966144K, 32% used [0x0000000080000000,0x000000009316d710,0x00000000baf80000)
 Metaspace       used 79838K, committed 81600K, reserved 1179648K
  class space    used 7993K, committed 8832K, reserved 1048576K
}
Event: 1311.456 GC heap after
{Heap after GC invocations=1501 (full 4):
 PSYoungGen      total 7680K, used 1012K [0x00000000d5580000, 0x00000000d6000000, 0x0000000100000000)
  eden space 6656K, 0% used [0x00000000d5580000,0x00000000d5580000,0x00000000d5c00000)
  from space 1024K, 98% used [0x00000000d5c00000,0x00000000d5cfd220,0x00000000d5d00000)
  to   space 2048K, 0% used [0x00000000d5e00000,0x00000000d5e00000,0x00000000d6000000)
 ParOldGen       total 966144K, used 313292K [0x0000000080000000, 0x00000000baf80000, 0x00000000d5580000)
  object space 966144K, 32% used [0x0000000080000000,0x00000000931f3120,0x00000000baf80000)
 Metaspace       used 79838K, committed 81600K, reserved 1179648K
  class space    used 7993K, committed 8832K, reserved 1048576K
}
Event: 1311.486 GC heap before
{Heap before GC invocations=1502 (full 4):
 PSYoungGen      total 7680K, used 7668K [0x00000000d5580000, 0x00000000d6000000, 0x0000000100000000)
  eden space 6656K, 100% used [0x00000000d5580000,0x00000000d5c00000,0x00000000d5c00000)
  from space 1024K, 98% used [0x00000000d5c00000,0x00000000d5cfd220,0x00000000d5d00000)
  to   space 2048K, 0% used [0x00000000d5e00000,0x00000000d5e00000,0x00000000d6000000)
 ParOldGen       total 966144K, used 313292K [0x0000000080000000, 0x00000000baf80000, 0x00000000d5580000)
  object space 966144K, 32% used [0x0000000080000000,0x00000000931f3120,0x00000000baf80000)
 Metaspace       used 79838K, committed 81600K, reserved 1179648K
  class space    used 7993K, committed 8832K, reserved 1048576K
}
Event: 1311.519 GC heap after
{Heap after GC invocations=1502 (full 4):
 PSYoungGen      total 9216K, used 848K [0x00000000d5580000, 0x00000000d6080000, 0x0000000100000000)
  eden space 7168K, 0% used [0x00000000d5580000,0x00000000d5580000,0x00000000d5c80000)
  from space 2048K, 41% used [0x00000000d5e00000,0x00000000d5ed4030,0x00000000d6000000)
  to   space 1536K, 0% used [0x00000000d5c80000,0x00000000d5c80000,0x00000000d5e00000)
 ParOldGen       total 966144K, used 314323K [0x0000000080000000, 0x00000000baf80000, 0x00000000d5580000)
  object space 966144K, 32% used [0x0000000080000000,0x00000000932f4cd0,0x00000000baf80000)
 Metaspace       used 79838K, committed 81600K, reserved 1179648K
  class space    used 7993K, committed 8832K, reserved 1048576K
}
Event: 1323.686 GC heap before
{Heap before GC invocations=1503 (full 4):
 PSYoungGen      total 9216K, used 8016K [0x00000000d5580000, 0x00000000d6080000, 0x0000000100000000)
  eden space 7168K, 100% used [0x00000000d5580000,0x00000000d5c80000,0x00000000d5c80000)
  from space 2048K, 41% used [0x00000000d5e00000,0x00000000d5ed4030,0x00000000d6000000)
  to   space 1536K, 0% used [0x00000000d5c80000,0x00000000d5c80000,0x00000000d5e00000)
 ParOldGen       total 966144K, used 314323K [0x0000000080000000, 0x00000000baf80000, 0x00000000d5580000)
  object space 966144K, 32% used [0x0000000080000000,0x00000000932f4cd0,0x00000000baf80000)
 Metaspace       used 79876K, committed 81664K, reserved 1179648K
  class space    used 7996K, committed 8832K, reserved 1048576K
}
Event: 1323.690 GC heap after
{Heap after GC invocations=1503 (full 4):
 PSYoungGen      total 8704K, used 1265K [0x00000000d5580000, 0x00000000d5f80000, 0x0000000100000000)
  eden space 7168K, 0% used [0x00000000d5580000,0x00000000d5580000,0x00000000d5c80000)
  from space 1536K, 82% used [0x00000000d5c80000,0x00000000d5dbc460,0x00000000d5e00000)
  to   space 1536K, 0% used [0x00000000d5e00000,0x00000000d5e00000,0x00000000d5f80000)
 ParOldGen       total 966144K, used 315009K [0x0000000080000000, 0x00000000baf80000, 0x00000000d5580000)
  object space 966144K, 32% used [0x0000000080000000,0x00000000933a0540,0x00000000baf80000)
 Metaspace       used 79876K, committed 81664K, reserved 1179648K
  class space    used 7996K, committed 8832K, reserved 1048576K
}
Event: 1323.795 GC heap before
{Heap before GC invocations=1504 (full 4):
 PSYoungGen      total 8704K, used 8433K [0x00000000d5580000, 0x00000000d5f80000, 0x0000000100000000)
  eden space 7168K, 100% used [0x00000000d5580000,0x00000000d5c80000,0x00000000d5c80000)
  from space 1536K, 82% used [0x00000000d5c80000,0x00000000d5dbc460,0x00000000d5e00000)
  to   space 1536K, 0% used [0x00000000d5e00000,0x00000000d5e00000,0x00000000d5f80000)
 ParOldGen       total 966144K, used 315009K [0x0000000080000000, 0x00000000baf80000, 0x00000000d5580000)
  object space 966144K, 32% used [0x0000000080000000,0x00000000933a0540,0x00000000baf80000)
 Metaspace       used 79896K, committed 81664K, reserved 1179648K
  class space    used 7998K, committed 8832K, reserved 1048576K
}
Event: 1323.800 GC heap after
{Heap after GC invocations=1504 (full 4):
 PSYoungGen      total 8704K, used 976K [0x00000000d5580000, 0x00000000d5f80000, 0x0000000100000000)
  eden space 7168K, 0% used [0x00000000d5580000,0x00000000d5580000,0x00000000d5c80000)
  from space 1536K, 63% used [0x00000000d5e00000,0x00000000d5ef4030,0x00000000d5f80000)
  to   space 1536K, 0% used [0x00000000d5c80000,0x00000000d5c80000,0x00000000d5e00000)
 ParOldGen       total 966144K, used 316136K [0x0000000080000000, 0x00000000baf80000, 0x00000000d5580000)
  object space 966144K, 32% used [0x0000000080000000,0x00000000934ba3f8,0x00000000baf80000)
 Metaspace       used 79896K, committed 81664K, reserved 1179648K
  class space    used 7998K, committed 8832K, reserved 1048576K
}
Event: 1323.807 GC heap before
{Heap before GC invocations=1505 (full 4):
 PSYoungGen      total 8704K, used 8144K [0x00000000d5580000, 0x00000000d5f80000, 0x0000000100000000)
  eden space 7168K, 100% used [0x00000000d5580000,0x00000000d5c80000,0x00000000d5c80000)
  from space 1536K, 63% used [0x00000000d5e00000,0x00000000d5ef4030,0x00000000d5f80000)
  to   space 1536K, 0% used [0x00000000d5c80000,0x00000000d5c80000,0x00000000d5e00000)
 ParOldGen       total 966144K, used 316136K [0x0000000080000000, 0x00000000baf80000, 0x00000000d5580000)
  object space 966144K, 32% used [0x0000000080000000,0x00000000934ba3f8,0x00000000baf80000)
 Metaspace       used 79896K, committed 81664K, reserved 1179648K
  class space    used 7998K, committed 8832K, reserved 1048576K
}
Event: 1323.815 GC heap after
{Heap after GC invocations=1505 (full 4):
 PSYoungGen      total 8704K, used 512K [0x00000000d5580000, 0x00000000d6000000, 0x0000000100000000)
  eden space 7168K, 0% used [0x00000000d5580000,0x00000000d5580000,0x00000000d5c80000)
  from space 1536K, 33% used [0x00000000d5c80000,0x00000000d5d00020,0x00000000d5e00000)
  to   space 1024K, 0% used [0x00000000d5f00000,0x00000000d5f00000,0x00000000d6000000)
 ParOldGen       total 966144K, used 316973K [0x0000000080000000, 0x00000000baf80000, 0x00000000d5580000)
  object space 966144K, 32% used [0x0000000080000000,0x000000009358b448,0x00000000baf80000)
 Metaspace       used 79896K, committed 81664K, reserved 1179648K
  class space    used 7998K, committed 8832K, reserved 1048576K
}
Event: 1323.850 GC heap before
{Heap before GC invocations=1506 (full 4):
 PSYoungGen      total 8704K, used 7680K [0x00000000d5580000, 0x00000000d6000000, 0x0000000100000000)
  eden space 7168K, 100% used [0x00000000d5580000,0x00000000d5c80000,0x00000000d5c80000)
  from space 1536K, 33% used [0x00000000d5c80000,0x00000000d5d00020,0x00000000d5e00000)
  to   space 1024K, 0% used [0x00000000d5f00000,0x00000000d5f00000,0x00000000d6000000)
 ParOldGen       total 966144K, used 316973K [0x0000000080000000, 0x00000000baf80000, 0x00000000d5580000)
  object space 966144K, 32% used [0x0000000080000000,0x000000009358b448,0x00000000baf80000)
 Metaspace       used 79915K, committed 81664K, reserved 1179648K
  class space    used 7998K, committed 8832K, reserved 1048576K
}
Event: 1323.853 GC heap after
{Heap after GC invocations=1506 (full 4):
 PSYoungGen      total 8704K, used 992K [0x00000000d5580000, 0x00000000d6200000, 0x0000000100000000)
  eden space 7680K, 0% used [0x00000000d5580000,0x00000000d5580000,0x00000000d5d00000)
  from space 1024K, 96% used [0x00000000d5f00000,0x00000000d5ff8040,0x00000000d6000000)
  to   space 2048K, 0% used [0x00000000d5d00000,0x00000000d5d00000,0x00000000d5f00000)
 ParOldGen       total 966144K, used 317405K [0x0000000080000000, 0x00000000baf80000, 0x00000000d5580000)
  object space 966144K, 32% used [0x0000000080000000,0x00000000935f7448,0x00000000baf80000)
 Metaspace       used 79915K, committed 81664K, reserved 1179648K
  class space    used 7998K, committed 8832K, reserved 1048576K
}
Event: 1323.890 GC heap before
{Heap before GC invocations=1507 (full 4):
 PSYoungGen      total 8704K, used 8672K [0x00000000d5580000, 0x00000000d6200000, 0x0000000100000000)
  eden space 7680K, 100% used [0x00000000d5580000,0x00000000d5d00000,0x00000000d5d00000)
  from space 1024K, 96% used [0x00000000d5f00000,0x00000000d5ff8040,0x00000000d6000000)
  to   space 2048K, 0% used [0x00000000d5d00000,0x00000000d5d00000,0x00000000d5f00000)
 ParOldGen       total 966144K, used 317405K [0x0000000080000000, 0x00000000baf80000, 0x00000000d5580000)
  object space 966144K, 32% used [0x0000000080000000,0x00000000935f7448,0x00000000baf80000)
 Metaspace       used 79926K, committed 81664K, reserved 1179648K
  class space    used 8000K, committed 8832K, reserved 1048576K
}
Event: 1323.896 GC heap after
{Heap after GC invocations=1507 (full 4):
 PSYoungGen      total 9216K, used 1361K [0x00000000d5580000, 0x00000000d6000000, 0x0000000100000000)
  eden space 7680K, 0% used [0x00000000d5580000,0x00000000d5580000,0x00000000d5d00000)
  from space 1536K, 88% used [0x00000000d5d00000,0x00000000d5e54480,0x00000000d5e80000)
  to   space 1536K, 0% used [0x00000000d5e80000,0x00000000d5e80000,0x00000000d6000000)
 ParOldGen       total 966144K, used 318307K [0x0000000080000000, 0x00000000baf80000, 0x00000000d5580000)
  object space 966144K, 32% used [0x0000000080000000,0x00000000936d8cc8,0x00000000baf80000)
 Metaspace       used 79926K, committed 81664K, reserved 1179648K
  class space    used 8000K, committed 8832K, reserved 1048576K
}
Event: 1323.913 GC heap before
{Heap before GC invocations=1508 (full 4):
 PSYoungGen      total 9216K, used 9041K [0x00000000d5580000, 0x00000000d6000000, 0x0000000100000000)
  eden space 7680K, 100% used [0x00000000d5580000,0x00000000d5d00000,0x00000000d5d00000)
  from space 1536K, 88% used [0x00000000d5d00000,0x00000000d5e54480,0x00000000d5e80000)
  to   space 1536K, 0% used [0x00000000d5e80000,0x00000000d5e80000,0x00000000d6000000)
 ParOldGen       total 966144K, used 318307K [0x0000000080000000, 0x00000000baf80000, 0x00000000d5580000)
  object space 966144K, 32% used [0x0000000080000000,0x00000000936d8cc8,0x00000000baf80000)
 Metaspace       used 79928K, committed 81664K, reserved 1179648K
  class space    used 8000K, committed 8832K, reserved 1048576K
}
Event: 1323.924 GC heap after
{Heap after GC invocations=1508 (full 4):
 PSYoungGen      total 9728K, used 720K [0x00000000d5580000, 0x00000000d6080000, 0x0000000100000000)
  eden space 8192K, 0% used [0x00000000d5580000,0x00000000d5580000,0x00000000d5d80000)
  from space 1536K, 46% used [0x00000000d5e80000,0x00000000d5f34030,0x00000000d6000000)
  to   space 1024K, 0% used [0x00000000d5d80000,0x00000000d5d80000,0x00000000d5e80000)
 ParOldGen       total 966144K, used 319552K [0x0000000080000000, 0x00000000baf80000, 0x00000000d5580000)
  object space 966144K, 33% used [0x0000000080000000,0x00000000938101b8,0x00000000baf80000)
 Metaspace       used 79928K, committed 81664K, reserved 1179648K
  class space    used 8000K, committed 8832K, reserved 1048576K
}
Event: 1323.944 GC heap before
{Heap before GC invocations=1509 (full 4):
 PSYoungGen      total 9728K, used 8912K [0x00000000d5580000, 0x00000000d6080000, 0x0000000100000000)
  eden space 8192K, 100% used [0x00000000d5580000,0x00000000d5d80000,0x00000000d5d80000)
  from space 1536K, 46% used [0x00000000d5e80000,0x00000000d5f34030,0x00000000d6000000)
  to   space 1024K, 0% used [0x00000000d5d80000,0x00000000d5d80000,0x00000000d5e80000)
 ParOldGen       total 966144K, used 319552K [0x0000000080000000, 0x00000000baf80000, 0x00000000d5580000)
  object space 966144K, 33% used [0x0000000080000000,0x00000000938101b8,0x00000000baf80000)
 Metaspace       used 79937K, committed 81664K, reserved 1179648K
  class space    used 8000K, committed 8832K, reserved 1048576K
}
Event: 1323.947 GC heap after
{Heap after GC invocations=1509 (full 4):
 PSYoungGen      total 9216K, used 992K [0x00000000d5580000, 0x00000000d6280000, 0x0000000100000000)
  eden space 8192K, 0% used [0x00000000d5580000,0x00000000d5580000,0x00000000d5d80000)
  from space 1024K, 96% used [0x00000000d5d80000,0x00000000d5e78040,0x00000000d5e80000)
  to   space 1536K, 0% used [0x00000000d6100000,0x00000000d6100000,0x00000000d6280000)
 ParOldGen       total 966144K, used 320065K [0x0000000080000000, 0x00000000baf80000, 0x00000000d5580000)
  object space 966144K, 33% used [0x0000000080000000,0x0000000093890450,0x00000000baf80000)
 Metaspace       used 79937K, committed 81664K, reserved 1179648K
  class space    used 8000K, committed 8832K, reserved 1048576K
}

