# JRE version: OpenJDK Runtime Environment Temurin-17.0.7+7 (17.0.7+7) (build 17.0.7+7)
# Java VM: OpenJDK 64-Bit Server VM Temurin-17.0.7+7 (17.0.7+7, mixed mode, sharing, tiered, compressed oops, compressed class ptrs, g1 gc, windows-amd64)
GC Precious Log:
 CPUs: 8 total, 8 available
 Memory: 16167M
 Large Page Support: Disabled
 NUMA Support: Disabled
 Compressed Oops: Enabled (Zero based)
 Heap Region Size: 2M
 Heap Min Capacity: 8M
 Heap Initial Capacity: 254M
 Heap Max Capacity: 4042M
 Pre-touch: Disabled
 Parallel Workers: 8
 Concurrent Workers: 2
 Concurrent Refinement Workers: 8
 Periodic GC: Disabled
Heap:
 garbage-first heap   total 512000K, used 124128K [0x0000000703600000, 0x0000000800000000)
  region size 2048K, 2 young (4096K), 2 survivors (4096K)
 Metaspace       used 66690K, committed 67584K, reserved 1114112K
  class space    used 7742K, committed 8192K, reserved 1048576K
GC Heap History (20 events):
Event: 41460.221 GC heap after
{Heap after GC invocations=336 (full 8):
 garbage-first heap   total 997376K, used 218368K [0x0000000703600000, 0x0000000800000000)
  region size 2048K, 4 young (8192K), 4 survivors (8192K)
 Metaspace       used 66721K, committed 67584K, reserved 1114112K
  class space    used 7750K, committed 8192K, reserved 1048576K
}
Event: 41520.024 GC heap before
{Heap before GC invocations=336 (full 8):
 garbage-first heap   total 997376K, used 279808K [0x0000000703600000, 0x0000000800000000)
  region size 2048K, 35 young (71680K), 4 survivors (8192K)
 Metaspace       used 66723K, committed 67584K, reserved 1114112K
  class space    used 7750K, committed 8192K, reserved 1048576K
}
Event: 41520.049 GC heap after
{Heap after GC invocations=337 (full 8):
 garbage-first heap   total 997376K, used 216048K [0x0000000703600000, 0x0000000800000000)
  region size 2048K, 3 young (6144K), 3 survivors (6144K)
 Metaspace       used 66723K, committed 67584K, reserved 1114112K
  class space    used 7750K, committed 8192K, reserved 1048576K
}
Event: 41640.077 GC heap before
{Heap before GC invocations=338 (full 8):
 garbage-first heap   total 833536K, used 599960K [0x0000000703600000, 0x0000000800000000)
  region size 2048K, 181 young (370688K), 3 survivors (6144K)
 Metaspace       used 66693K, committed 67584K, reserved 1114112K
  class space    used 7743K, committed 8192K, reserved 1048576K
}
Event: 41640.091 GC heap after
{Heap after GC invocations=339 (full 8):
 garbage-first heap   total 833536K, used 187582K [0x0000000703600000, 0x0000000800000000)
  region size 2048K, 7 young (14336K), 7 survivors (14336K)
 Metaspace       used 66693K, committed 67584K, reserved 1114112K
  class space    used 7743K, committed 8192K, reserved 1048576K
}
Event: 41640.112 GC heap before
{Heap before GC invocations=339 (full 8):
 garbage-first heap   total 833536K, used 222398K [0x0000000703600000, 0x0000000800000000)
  region size 2048K, 20 young (40960K), 7 survivors (14336K)
 Metaspace       used 66693K, committed 67584K, reserved 1114112K
  class space    used 7743K, committed 8192K, reserved 1048576K
}
Event: 41640.130 GC heap after
{Heap after GC invocations=340 (full 8):
 garbage-first heap   total 833536K, used 153685K [0x0000000703600000, 0x0000000800000000)
  region size 2048K, 3 young (6144K), 3 survivors (6144K)
 Metaspace       used 66693K, committed 67584K, reserved 1114112K
  class space    used 7743K, committed 8192K, reserved 1048576K
}
Event: 41700.042 GC heap before
{Heap before GC invocations=340 (full 8):
 garbage-first heap   total 833536K, used 282709K [0x0000000703600000, 0x0000000800000000)
  region size 2048K, 67 young (137216K), 3 survivors (6144K)
 Metaspace       used 66694K, committed 67584K, reserved 1114112K
  class space    used 7743K, committed 8192K, reserved 1048576K
}
Event: 41700.067 GC heap after
{Heap after GC invocations=341 (full 8):
 garbage-first heap   total 833536K, used 165767K [0x0000000703600000, 0x0000000800000000)
  region size 2048K, 9 young (18432K), 9 survivors (18432K)
 Metaspace       used 66694K, committed 67584K, reserved 1114112K
  class space    used 7743K, committed 8192K, reserved 1048576K
}
Event: 41824.264 GC heap before
{Heap before GC invocations=342 (full 8):
 garbage-first heap   total 833536K, used 515975K [0x0000000703600000, 0x0000000800000000)
  region size 2048K, 177 young (362496K), 9 survivors (18432K)
 Metaspace       used 66687K, committed 67584K, reserved 1114112K
  class space    used 7742K, committed 8192K, reserved 1048576K
}
Event: 41824.268 GC heap after
{Heap after GC invocations=343 (full 8):
 garbage-first heap   total 833536K, used 107319K [0x0000000703600000, 0x0000000800000000)
  region size 2048K, 2 young (4096K), 2 survivors (4096K)
 Metaspace       used 66687K, committed 67584K, reserved 1114112K
  class space    used 7742K, committed 8192K, reserved 1048576K
}
Event: 41837.536 GC heap before
{Heap before GC invocations=343 (full 8):
 garbage-first heap   total 833536K, used 158519K [0x0000000703600000, 0x0000000800000000)
  region size 2048K, 20 young (40960K), 2 survivors (4096K)
 Metaspace       used 66688K, committed 67584K, reserved 1114112K
  class space    used 7742K, committed 8192K, reserved 1048576K
}
Event: 41847.287 GC heap after
{Heap after GC invocations=344 (full 8):
 garbage-first heap   total 833536K, used 125999K [0x0000000703600000, 0x0000000800000000)
  region size 2048K, 3 young (6144K), 3 survivors (6144K)
 Metaspace       used 66688K, committed 67584K, reserved 1114112K
  class space    used 7742K, committed 8192K, reserved 1048576K
}
Event: 41850.209 GC heap before
{Heap before GC invocations=344 (full 8):
 garbage-first heap   total 833536K, used 146479K [0x0000000703600000, 0x0000000800000000)
  region size 2048K, 14 young (28672K), 3 survivors (6144K)
 Metaspace       used 66688K, committed 67584K, reserved 1114112K
  class space    used 7742K, committed 8192K, reserved 1048576K
}
Event: 41850.215 GC heap after
{Heap after GC invocations=345 (full 8):
 garbage-first heap   total 833536K, used 123426K [0x0000000703600000, 0x0000000800000000)
  region size 2048K, 1 young (2048K), 1 survivors (2048K)
 Metaspace       used 66688K, committed 67584K, reserved 1114112K
  class space    used 7742K, committed 8192K, reserved 1048576K
}
Event: 41915.130 GC heap before
{Heap before GC invocations=346 (full 8):
 garbage-first heap   total 512000K, used 440866K [0x0000000703600000, 0x0000000800000000)
  region size 2048K, 139 young (284672K), 1 survivors (2048K)
 Metaspace       used 66690K, committed 67584K, reserved 1114112K
  class space    used 7742K, committed 8192K, reserved 1048576K
}
Event: 41915.158 GC heap after
{Heap after GC invocations=347 (full 8):
 garbage-first heap   total 512000K, used 111544K [0x0000000703600000, 0x0000000800000000)
  region size 2048K, 1 young (2048K), 1 survivors (2048K)
 Metaspace       used 66690K, committed 67584K, reserved 1114112K
  class space    used 7742K, committed 8192K, reserved 1048576K
}
Event: 41915.266 GC heap before
{Heap before GC invocations=347 (full 8):
 garbage-first heap   total 512000K, used 134072K [0x0000000703600000, 0x0000000800000000)
  region size 2048K, 12 young (24576K), 1 survivors (2048K)
 Metaspace       used 66690K, committed 67584K, reserved 1114112K
  class space    used 7742K, committed 8192K, reserved 1048576K
}
Event: 41915.333 GC heap after
{Heap after GC invocations=348 (full 8):
 garbage-first heap   total 512000K, used 123080K [0x0000000703600000, 0x0000000800000000)
  region size 2048K, 2 young (4096K), 2 survivors (4096K)
 Metaspace       used 66690K, committed 67584K, reserved 1114112K
  class space    used 7742K, committed 8192K, reserved 1048576K
}
Event: 41915.436 GC heap before
{Heap before GC invocations=348 (full 8):
 garbage-first heap   total 512000K, used 143560K [0x0000000703600000, 0x0000000800000000)
  region size 2048K, 12 young (24576K), 2 survivors (4096K)
 Metaspace       used 66690K, committed 67584K, reserved 1114112K
  class space    used 7742K, committed 8192K, reserved 1048576K
}

