# JRE version: OpenJDK Runtime Environment Temurin-17.0.7+7 (17.0.7+7) (build 17.0.7+7)
# Java VM: OpenJDK 64-Bit Server VM Temurin-17.0.7+7 (17.0.7+7, mixed mode, sharing, tiered, compressed oops, compressed class ptrs, g1 gc, windows-amd64)
GC Precious Log:
 CPUs: 8 total, 8 available
 Memory: 16167M
 Large Page Support: Disabled
 NUMA Support: Disabled
 Compressed Oops: Enabled (Zero based)
 Heap Region Size: 2M
 Heap Min Capacity: 8M
 Heap Initial Capacity: 254M
 Heap Max Capacity: 4042M
 Pre-touch: Disabled
 Parallel Workers: 8
 Concurrent Workers: 2
 Concurrent Refinement Workers: 8
 Periodic GC: Disabled
Heap:
 garbage-first heap   total 61440K, used 39271K [0x0000000703600000, 0x0000000800000000)
  region size 2048K, 8 young (16384K), 2 survivors (4096K)
 Metaspace       used 40942K, committed 41344K, reserved 1114112K
  class space    used 5374K, committed 5568K, reserved 1048576K
GC Heap History (20 events):
Event: 2.651 GC heap before
{Heap before GC invocations=2 (full 0):
 garbage-first heap   total 260096K, used 64520K [0x0000000703600000, 0x0000000800000000)
  region size 2048K, 28 young (57344K), 1 survivors (2048K)
 Metaspace       used 19390K, committed 19648K, reserved 1114112K
  class space    used 2460K, committed 2624K, reserved 1048576K
}
Event: 2.657 GC heap after
{Heap after GC invocations=3 (full 0):
 garbage-first heap   total 260096K, used 13653K [0x0000000703600000, 0x0000000800000000)
  region size 2048K, 3 young (6144K), 3 survivors (6144K)
 Metaspace       used 19390K, committed 19648K, reserved 1114112K
  class space    used 2460K, committed 2624K, reserved 1048576K
}
Event: 3.121 GC heap before
{Heap before GC invocations=3 (full 0):
 garbage-first heap   total 260096K, used 25941K [0x0000000703600000, 0x0000000800000000)
  region size 2048K, 10 young (20480K), 3 survivors (6144K)
 Metaspace       used 21246K, committed 21504K, reserved 1114112K
  class space    used 2682K, committed 2816K, reserved 1048576K
}
Event: 3.135 GC heap after
{Heap after GC invocations=4 (full 0):
 garbage-first heap   total 260096K, used 15675K [0x0000000703600000, 0x0000000800000000)
  region size 2048K, 4 young (8192K), 4 survivors (8192K)
 Metaspace       used 21246K, committed 21504K, reserved 1114112K
  class space    used 2682K, committed 2816K, reserved 1048576K
}
Event: 3.921 GC heap before
{Heap before GC invocations=5 (full 0):
 garbage-first heap   total 61440K, used 42299K [0x0000000703600000, 0x0000000800000000)
  region size 2048K, 18 young (36864K), 4 survivors (8192K)
 Metaspace       used 23691K, committed 24000K, reserved 1114112K
  class space    used 2993K, committed 3136K, reserved 1048576K
}
Event: 3.926 GC heap after
{Heap after GC invocations=6 (full 0):
 garbage-first heap   total 61440K, used 17153K [0x0000000703600000, 0x0000000800000000)
  region size 2048K, 3 young (6144K), 3 survivors (6144K)
 Metaspace       used 23691K, committed 24000K, reserved 1114112K
  class space    used 2993K, committed 3136K, reserved 1048576K
}
Event: 3.996 GC heap before
{Heap before GC invocations=6 (full 0):
 garbage-first heap   total 61440K, used 19201K [0x0000000703600000, 0x0000000800000000)
  region size 2048K, 4 young (8192K), 3 survivors (6144K)
 Metaspace       used 23912K, committed 24192K, reserved 1114112K
  class space    used 3009K, committed 3136K, reserved 1048576K
}
Event: 4.000 GC heap after
{Heap after GC invocations=7 (full 0):
 garbage-first heap   total 61440K, used 17656K [0x0000000703600000, 0x0000000800000000)
  region size 2048K, 1 young (2048K), 1 survivors (2048K)
 Metaspace       used 23912K, committed 24192K, reserved 1114112K
  class space    used 3009K, committed 3136K, reserved 1048576K
}
Event: 5.056 GC heap before
{Heap before GC invocations=7 (full 0):
 garbage-first heap   total 61440K, used 40184K [0x0000000703600000, 0x0000000800000000)
  region size 2048K, 12 young (24576K), 1 survivors (2048K)
 Metaspace       used 26943K, committed 27264K, reserved 1114112K
  class space    used 3442K, committed 3584K, reserved 1048576K
}
Event: 5.058 GC heap after
{Heap after GC invocations=8 (full 0):
 garbage-first heap   total 61440K, used 18691K [0x0000000703600000, 0x0000000800000000)
  region size 2048K, 1 young (2048K), 1 survivors (2048K)
 Metaspace       used 26943K, committed 27264K, reserved 1114112K
  class space    used 3442K, committed 3584K, reserved 1048576K
}
Event: 6.530 GC heap before
{Heap before GC invocations=8 (full 0):
 garbage-first heap   total 61440K, used 41219K [0x0000000703600000, 0x0000000800000000)
  region size 2048K, 12 young (24576K), 1 survivors (2048K)
 Metaspace       used 31123K, committed 31552K, reserved 1114112K
  class space    used 3998K, committed 4224K, reserved 1048576K
}
Event: 6.533 GC heap after
{Heap after GC invocations=9 (full 0):
 garbage-first heap   total 61440K, used 20787K [0x0000000703600000, 0x0000000800000000)
  region size 2048K, 2 young (4096K), 2 survivors (4096K)
 Metaspace       used 31123K, committed 31552K, reserved 1114112K
  class space    used 3998K, committed 4224K, reserved 1048576K
}
Event: 6.874 GC heap before
{Heap before GC invocations=9 (full 0):
 garbage-first heap   total 61440K, used 41267K [0x0000000703600000, 0x0000000800000000)
  region size 2048K, 13 young (26624K), 2 survivors (4096K)
 Metaspace       used 32495K, committed 32960K, reserved 1114112K
  class space    used 4132K, committed 4352K, reserved 1048576K
}
Event: 6.878 GC heap after
{Heap after GC invocations=10 (full 0):
 garbage-first heap   total 61440K, used 27047K [0x0000000703600000, 0x0000000800000000)
  region size 2048K, 2 young (4096K), 2 survivors (4096K)
 Metaspace       used 32495K, committed 32960K, reserved 1114112K
  class space    used 4132K, committed 4352K, reserved 1048576K
}
Event: 7.302 GC heap before
{Heap before GC invocations=10 (full 0):
 garbage-first heap   total 61440K, used 43431K [0x0000000703600000, 0x0000000800000000)
  region size 2048K, 10 young (20480K), 2 survivors (4096K)
 Metaspace       used 33773K, committed 34240K, reserved 1114112K
  class space    used 4299K, committed 4480K, reserved 1048576K
}
Event: 7.306 GC heap after
{Heap after GC invocations=11 (full 0):
 garbage-first heap   total 61440K, used 26694K [0x0000000703600000, 0x0000000800000000)
  region size 2048K, 1 young (2048K), 1 survivors (2048K)
 Metaspace       used 33773K, committed 34240K, reserved 1114112K
  class space    used 4299K, committed 4480K, reserved 1048576K
}
Event: 7.901 GC heap before
{Heap before GC invocations=11 (full 0):
 garbage-first heap   total 61440K, used 36934K [0x0000000703600000, 0x0000000800000000)
  region size 2048K, 7 young (14336K), 1 survivors (2048K)
 Metaspace       used 35501K, committed 35968K, reserved 1114112K
  class space    used 4572K, committed 4800K, reserved 1048576K
}
Event: 7.904 GC heap after
{Heap after GC invocations=12 (full 0):
 garbage-first heap   total 61440K, used 27717K [0x0000000703600000, 0x0000000800000000)
  region size 2048K, 2 young (4096K), 2 survivors (4096K)
 Metaspace       used 35501K, committed 35968K, reserved 1114112K
  class space    used 4572K, committed 4800K, reserved 1048576K
}
Event: 8.822 GC heap before
{Heap before GC invocations=13 (full 0):
 garbage-first heap   total 61440K, used 44101K [0x0000000703600000, 0x0000000800000000)
  region size 2048K, 10 young (20480K), 2 survivors (4096K)
 Metaspace       used 38994K, committed 39488K, reserved 1114112K
  class space    used 5130K, committed 5376K, reserved 1048576K
}
Event: 8.825 GC heap after
{Heap after GC invocations=14 (full 0):
 garbage-first heap   total 61440K, used 29031K [0x0000000703600000, 0x0000000800000000)
  region size 2048K, 2 young (4096K), 2 survivors (4096K)
 Metaspace       used 38994K, committed 39488K, reserved 1114112K
  class space    used 5130K, committed 5376K, reserved 1048576K
}

