# JRE version: OpenJDK Runtime Environment Temurin-17.0.7+7 (17.0.7+7) (build 17.0.7+7)
# Java VM: OpenJDK 64-Bit Server VM Temurin-17.0.7+7 (17.0.7+7, mixed mode, sharing, tiered, compressed oops, compressed class ptrs, g1 gc, windows-amd64)
GC Precious Log:
 CPUs: 8 total, 8 available
 Memory: 16167M
 Large Page Support: Disabled
 NUMA Support: Disabled
 Compressed Oops: Enabled (Zero based)
 Heap Region Size: 2M
 Heap Min Capacity: 8M
 Heap Initial Capacity: 254M
 Heap Max Capacity: 4042M
 Pre-touch: Disabled
 Parallel Workers: 8
 Concurrent Workers: 2
 Concurrent Refinement Workers: 8
 Periodic GC: Disabled
Heap:
 garbage-first heap   total 1191936K, used 284472K [0x0000000703600000, 0x0000000800000000)
  region size 2048K, 16 young (32768K), 16 survivors (32768K)
 Metaspace       used 54025K, committed 54656K, reserved 1114112K
  class space    used 7041K, committed 7360K, reserved 1048576K
GC Heap History (20 events):
Event: 21.077 GC heap after
{Heap after GC invocations=25 (full 0):
 garbage-first heap   total 303104K, used 152057K [0x0000000703600000, 0x0000000800000000)
  region size 2048K, 5 young (10240K), 5 survivors (10240K)
 Metaspace       used 53228K, committed 53760K, reserved 1114112K
  class space    used 6973K, committed 7232K, reserved 1048576K
}
Event: 21.522 GC heap before
{Heap before GC invocations=25 (full 0):
 garbage-first heap   total 303104K, used 201209K [0x0000000703600000, 0x0000000800000000)
  region size 2048K, 29 young (59392K), 5 survivors (10240K)
 Metaspace       used 53231K, committed 53760K, reserved 1114112K
  class space    used 6973K, committed 7232K, reserved 1048576K
}
Event: 21.536 GC heap after
{Heap after GC invocations=26 (full 0):
 garbage-first heap   total 303104K, used 160773K [0x0000000703600000, 0x0000000800000000)
  region size 2048K, 4 young (8192K), 4 survivors (8192K)
 Metaspace       used 53231K, committed 53760K, reserved 1114112K
  class space    used 6973K, committed 7232K, reserved 1048576K
}
Event: 22.072 GC heap before
{Heap before GC invocations=27 (full 0):
 garbage-first heap   total 303104K, used 209925K [0x0000000703600000, 0x0000000800000000)
  region size 2048K, 28 young (57344K), 4 survivors (8192K)
 Metaspace       used 53233K, committed 53760K, reserved 1114112K
  class space    used 6973K, committed 7232K, reserved 1048576K
}
Event: 22.088 GC heap after
{Heap after GC invocations=28 (full 0):
 garbage-first heap   total 303104K, used 168921K [0x0000000703600000, 0x0000000800000000)
  region size 2048K, 4 young (8192K), 4 survivors (8192K)
 Metaspace       used 53233K, committed 53760K, reserved 1114112K
  class space    used 6973K, committed 7232K, reserved 1048576K
}
Event: 22.104 GC heap before
{Heap before GC invocations=28 (full 0):
 garbage-first heap   total 303104K, used 175065K [0x0000000703600000, 0x0000000800000000)
  region size 2048K, 7 young (14336K), 4 survivors (8192K)
 Metaspace       used 53233K, committed 53760K, reserved 1114112K
  class space    used 6973K, committed 7232K, reserved 1048576K
}
Event: 22.112 GC heap after
{Heap after GC invocations=29 (full 0):
 garbage-first heap   total 303104K, used 168874K [0x0000000703600000, 0x0000000800000000)
  region size 2048K, 1 young (2048K), 1 survivors (2048K)
 Metaspace       used 53233K, committed 53760K, reserved 1114112K
  class space    used 6973K, committed 7232K, reserved 1048576K
}
Event: 22.215 GC heap before
{Heap before GC invocations=29 (full 0):
 garbage-first heap   total 303104K, used 172970K [0x0000000703600000, 0x0000000800000000)
  region size 2048K, 4 young (8192K), 1 survivors (2048K)
 Metaspace       used 53242K, committed 53760K, reserved 1114112K
  class space    used 6973K, committed 7232K, reserved 1048576K
}
Event: 22.218 GC heap after
{Heap after GC invocations=30 (full 0):
 garbage-first heap   total 303104K, used 169406K [0x0000000703600000, 0x0000000800000000)
  region size 2048K, 1 young (2048K), 1 survivors (2048K)
 Metaspace       used 53242K, committed 53760K, reserved 1114112K
  class space    used 6973K, committed 7232K, reserved 1048576K
}
Event: 22.311 GC heap before
{Heap before GC invocations=31 (full 0):
 garbage-first heap   total 397312K, used 259518K [0x0000000703600000, 0x0000000800000000)
  region size 2048K, 28 young (57344K), 1 survivors (2048K)
 Metaspace       used 53251K, committed 53824K, reserved 1114112K
  class space    used 6973K, committed 7232K, reserved 1048576K
}
Event: 22.326 GC heap after
{Heap after GC invocations=32 (full 0):
 garbage-first heap   total 397312K, used 207693K [0x0000000703600000, 0x0000000800000000)
  region size 2048K, 4 young (8192K), 4 survivors (8192K)
 Metaspace       used 53251K, committed 53824K, reserved 1114112K
  class space    used 6973K, committed 7232K, reserved 1048576K
}
Event: 22.334 GC heap before
{Heap before GC invocations=32 (full 0):
 garbage-first heap   total 397312K, used 217933K [0x0000000703600000, 0x0000000800000000)
  region size 2048K, 9 young (18432K), 4 survivors (8192K)
 Metaspace       used 53254K, committed 53824K, reserved 1114112K
  class space    used 6973K, committed 7232K, reserved 1048576K
}
Event: 22.859 GC heap after
{Heap after GC invocations=33 (full 0):
 garbage-first heap   total 1191936K, used 186168K [0x0000000703600000, 0x0000000800000000)
  region size 2048K, 2 young (4096K), 2 survivors (4096K)
 Metaspace       used 53254K, committed 53824K, reserved 1114112K
  class space    used 6973K, committed 7232K, reserved 1048576K
}
Event: 23.022 GC heap before
{Heap before GC invocations=33 (full 0):
 garbage-first heap   total 1191936K, used 241464K [0x0000000703600000, 0x0000000800000000)
  region size 2048K, 29 young (59392K), 2 survivors (4096K)
 Metaspace       used 53260K, committed 53824K, reserved 1114112K
  class space    used 6973K, committed 7232K, reserved 1048576K
}
Event: 23.045 GC heap after
{Heap after GC invocations=34 (full 0):
 garbage-first heap   total 1191936K, used 220062K [0x0000000703600000, 0x0000000800000000)
  region size 2048K, 4 young (8192K), 4 survivors (8192K)
 Metaspace       used 53260K, committed 53824K, reserved 1114112K
  class space    used 6973K, committed 7232K, reserved 1048576K
}
Event: 23.252 GC heap before
{Heap before GC invocations=34 (full 0):
 garbage-first heap   total 1191936K, used 271262K [0x0000000703600000, 0x0000000800000000)
  region size 2048K, 29 young (59392K), 4 survivors (8192K)
 Metaspace       used 53260K, committed 53824K, reserved 1114112K
  class space    used 6973K, committed 7232K, reserved 1048576K
}
Event: 23.264 GC heap after
{Heap after GC invocations=35 (full 0):
 garbage-first heap   total 1191936K, used 230018K [0x0000000703600000, 0x0000000800000000)
  region size 2048K, 4 young (8192K), 4 survivors (8192K)
 Metaspace       used 53260K, committed 53824K, reserved 1114112K
  class space    used 6973K, committed 7232K, reserved 1048576K
}
Event: 23.366 GC heap before
{Heap before GC invocations=35 (full 0):
 garbage-first heap   total 1191936K, used 281218K [0x0000000703600000, 0x0000000800000000)
  region size 2048K, 29 young (59392K), 4 survivors (8192K)
 Metaspace       used 53265K, committed 53824K, reserved 1114112K
  class space    used 6973K, committed 7232K, reserved 1048576K
}
Event: 23.384 GC heap after
{Heap after GC invocations=36 (full 0):
 garbage-first heap   total 1191936K, used 227963K [0x0000000703600000, 0x0000000800000000)
  region size 2048K, 4 young (8192K), 4 survivors (8192K)
 Metaspace       used 53265K, committed 53824K, reserved 1114112K
  class space    used 6973K, committed 7232K, reserved 1048576K
}
Event: 54.559 GC heap before
{Heap before GC invocations=36 (full 0):
 garbage-first heap   total 1191936K, used 526971K [0x0000000703600000, 0x0000000800000000)
  region size 2048K, 123 young (251904K), 4 survivors (8192K)
 Metaspace       used 54025K, committed 54656K, reserved 1114112K
  class space    used 7041K, committed 7360K, reserved 1048576K
}

